  BSTFCI.cpp
  Source.cpp
D:\FCI_CU\FCAI-CU 2.2\Data Structure\A3-20180218-20180350-20180154\BinarySearchTree\BinarySearchTree\BSTFCI.h(428,2): warning C4018: '<': signed/unsigned mismatch
D:\FCI_CU\FCAI-CU 2.2\Data Structure\A3-20180218-20180350-20180154\BinarySearchTree\BinarySearchTree\BSTFCI.h(424): message : while compiling class template member function 'void BSTFCI<int>::largestValues(void)'
D:\FCI_CU\FCAI-CU 2.2\Data Structure\A3-20180218-20180350-20180154\BinarySearchTree\BinarySearchTree\Source.cpp(27): message : see reference to function template instantiation 'void BSTFCI<int>::largestValues(void)' being compiled
D:\FCI_CU\FCAI-CU 2.2\Data Structure\A3-20180218-20180350-20180154\BinarySearchTree\BinarySearchTree\Source.cpp(13): message : see reference to class template instantiation 'BSTFCI<int>' being compiled
D:\FCI_CU\FCAI-CU 2.2\Data Structure\A3-20180218-20180350-20180154\BinarySearchTree\BinarySearchTree\BSTFCI.h(175,48): warning C4390: ';': empty controlled statement found; is this the intent?
D:\FCI_CU\FCAI-CU 2.2\Data Structure\A3-20180218-20180350-20180154\BinarySearchTree\BinarySearchTree\BSTFCI.h(169): message : while compiling class template member function 'bool BSTFCI<int>::balance(BSTNode<T> *,int &,int &)'
          with
          [
              T=int
          ]
D:\FCI_CU\FCAI-CU 2.2\Data Structure\A3-20180218-20180350-20180154\BinarySearchTree\BinarySearchTree\BSTFCI.h(398): message : see reference to function template instantiation 'bool BSTFCI<int>::balance(BSTNode<T> *,int &,int &)' being compiled
          with
          [
              T=int
          ]
D:\FCI_CU\FCAI-CU 2.2\Data Structure\A3-20180218-20180350-20180154\BinarySearchTree\BinarySearchTree\BSTFCI.h(180,49): warning C4390: ';': empty controlled statement found; is this the intent?
  Generating Code...
  BinarySearchTree.vcxproj -> D:\FCI_CU\FCAI-CU 2.2\Data Structure\A3-20180218-20180350-20180154\BinarySearchTree\Debug\BinarySearchTree.exe
